[2020-11-04T19:39:43.294Z] debug: [twx-studio:upgrade:Metadata102] Begin upgrade of project
[2020-11-04T19:39:43.295Z] info: [twx-studio:upgrade:Metadata102] Upgrading project
[2020-11-04T19:39:43.318Z] debug: [twx-studio:upgrade:Metadata102] Make sure there are not any stale files lying around
[2020-11-04T19:39:43.320Z] debug: [twx-studio:upgrade:Metadata102] Create .gitignore for project dir
[2020-11-04T19:39:43.320Z] debug: [twx-studio:upgrade:Metadata102] Copying /src/**/* to project, overwrite=false
[2020-11-04T19:39:43.321Z] debug: [twx-studio:upgrade:Metadata102] Copying /**/* to project, skip /src/**/*,  overwrite=true
[2020-11-04T19:39:43.371Z] debug: [twx-studio:upgrade:Metadata102] Copy of project files complete
[2020-11-04T19:39:43.371Z] debug: [twx-studio:upgrade:Metadata102] Updating version to 
[2020-11-04T19:39:43.371Z] debug: [twx-studio:upgrade:Metadata102] onupgrade sucessful, now build the project
[2020-11-04T19:39:43.371Z] debug: [twx-studio:upgrade:Metadata102] BEGIN buildApp
[2020-11-04T19:39:43.371Z] debug: [twx-studio:upgrade:Metadata102] write settings
[2020-11-04T19:39:43.372Z] debug: [twx-studio:upgrade:Metadata102] copy runtime extensions
[2020-11-04T19:39:43.491Z] debug: [twx-studio:upgrade:Metadata102] packageThemeSet
[2020-11-04T19:39:44.126Z] debug: [twx-studio:upgrade:Metadata102] onBuild
[2020-11-04T19:39:44.126Z] info: [twx-studio:upgrade:Metadata102] Building ves-ar-extension app:
[2020-11-04T19:39:44.213Z] debug: [twx-studio:upgrade:Metadata102] pathDir
[2020-11-04T19:39:44.213Z] debug: [twx-studio:upgrade:Metadata102] scaffoldDir
[2020-11-04T19:39:44.213Z] debug: [twx-studio:upgrade:Metadata102] copySrc
[2020-11-04T19:39:44.324Z] debug: [twx-studio:upgrade:Metadata102] buildApp
[2020-11-04T19:39:44.437Z] debug: [twx-studio:upgrade:Metadata102] END buildApp
[2020-11-04T19:39:44.437Z] debug: [twx-studio:upgrade:Metadata102] Build succeeded.
[2020-11-05T19:47:31.438Z] debug: [twx-studio:upgrade:Metadata102] Begin upgrade of project
[2020-11-05T19:47:31.438Z] info: [twx-studio:upgrade:Metadata102] Upgrading project
[2020-11-05T19:47:31.439Z] debug: [twx-studio:upgrade:Metadata102] Make sure there are not any stale files lying around
[2020-11-05T19:47:31.439Z] debug: [twx-studio:upgrade:Metadata102] Removing 
[2020-11-05T19:47:31.442Z] debug: [twx-studio:upgrade:Metadata102] Removing 
[2020-11-05T19:47:31.511Z] debug: [twx-studio:upgrade:Metadata102] Removing 
[2020-11-05T19:47:31.530Z] debug: [twx-studio:upgrade:Metadata102] Removing 
[2020-11-05T19:47:31.542Z] debug: [twx-studio:upgrade:Metadata102] Removing 
[2020-11-05T19:47:31.544Z] debug: [twx-studio:upgrade:Metadata102] Copying /src/**/* to project, overwrite=false
[2020-11-05T19:47:31.545Z] debug: [twx-studio:upgrade:Metadata102] Copying /**/* to project, skip /src/**/*,  overwrite=true
[2020-11-05T19:47:31.637Z] debug: [twx-studio:upgrade:Metadata102] Copy of project files complete
[2020-11-05T19:47:31.637Z] debug: [twx-studio:upgrade:Metadata102] Updating version to 
[2020-11-05T19:47:31.637Z] debug: [twx-studio:upgrade:Metadata102] onupgrade sucessful, now build the project
[2020-11-05T19:47:31.637Z] debug: [twx-studio:upgrade:Metadata102] BEGIN buildApp
[2020-11-05T19:47:31.637Z] debug: [twx-studio:upgrade:Metadata102] write settings
[2020-11-05T19:47:31.638Z] debug: [twx-studio:upgrade:Metadata102] copy runtime extensions
[2020-11-05T19:47:31.766Z] debug: [twx-studio:upgrade:Metadata102] packageThemeSet
[2020-11-05T19:47:32.410Z] debug: [twx-studio:upgrade:Metadata102] onBuild
[2020-11-05T19:47:32.411Z] info: [twx-studio:upgrade:Metadata102] Building ves-ar-extension app:
[2020-11-05T19:47:32.419Z] debug: [twx-studio:upgrade:Metadata102] pathDir
[2020-11-05T19:47:32.419Z] debug: [twx-studio:upgrade:Metadata102] scaffoldDir
[2020-11-05T19:47:32.419Z] debug: [twx-studio:upgrade:Metadata102] copySrc
[2020-11-05T19:47:32.519Z] debug: [twx-studio:upgrade:Metadata102] buildApp
[2020-11-05T19:47:32.638Z] debug: [twx-studio:upgrade:Metadata102] END buildApp
[2020-11-05T19:47:32.638Z] debug: [twx-studio:upgrade:Metadata102] Build succeeded.

2020-12-02T21:49:08.803Z: Project "Metadata102" saved as new project "Metadata102-popup"[2020-12-02T21:49:10.363Z] debug: [twx-studio:upgrade:Metadata102-popup] Begin upgrade of project
[2020-12-02T21:49:10.364Z] info: [twx-studio:upgrade:Metadata102-popup] Upgrading project
[2020-12-02T21:49:10.396Z] debug: [twx-studio:upgrade:Metadata102-popup] Make sure there are not any stale files lying around
[2020-12-02T21:49:10.397Z] debug: [twx-studio:upgrade:Metadata102-popup] Removing 
[2020-12-02T21:49:10.409Z] debug: [twx-studio:upgrade:Metadata102-popup] Create .gitignore for project dir
[2020-12-02T21:49:10.410Z] debug: [twx-studio:upgrade:Metadata102-popup] Copying /src/**/* to project, overwrite=false
[2020-12-02T21:49:10.411Z] debug: [twx-studio:upgrade:Metadata102-popup] Copying /**/* to project, skip /src/**/*,  overwrite=true
[2020-12-02T21:49:10.448Z] debug: [twx-studio:upgrade:Metadata102-popup] Copy of project files complete
[2020-12-02T21:49:10.448Z] debug: [twx-studio:upgrade:Metadata102-popup] Updating version to 
[2020-12-02T21:49:10.448Z] debug: [twx-studio:upgrade:Metadata102-popup] onupgrade sucessful, now build the project
[2020-12-02T21:49:10.448Z] debug: [twx-studio:upgrade:Metadata102-popup] BEGIN buildApp
[2020-12-02T21:49:10.448Z] debug: [twx-studio:upgrade:Metadata102-popup] write settings
[2020-12-02T21:49:10.449Z] debug: [twx-studio:upgrade:Metadata102-popup] copy runtime extensions
[2020-12-02T21:49:10.556Z] debug: [twx-studio:upgrade:Metadata102-popup] packageThemeSet
[2020-12-02T21:49:11.170Z] debug: [twx-studio:upgrade:Metadata102-popup] onBuild
[2020-12-02T21:49:11.170Z] info: [twx-studio:upgrade:Metadata102-popup] Building ves-ar-extension app:
[2020-12-02T21:49:11.184Z] debug: [twx-studio:upgrade:Metadata102-popup] pathDir
[2020-12-02T21:49:11.185Z] debug: [twx-studio:upgrade:Metadata102-popup] scaffoldDir
[2020-12-02T21:49:11.185Z] debug: [twx-studio:upgrade:Metadata102-popup] copySrc
[2020-12-02T21:49:11.291Z] debug: [twx-studio:upgrade:Metadata102-popup] buildApp
[2020-12-02T21:49:11.432Z] debug: [twx-studio:upgrade:Metadata102-popup] END buildApp
[2020-12-02T21:49:11.433Z] debug: [twx-studio:upgrade:Metadata102-popup] Build succeeded.
[2021-01-07T16:03:53.826Z] debug: [twx-studio:upgrade:Metadata202] Begin upgrade of project
[2021-01-07T16:03:53.827Z] info: [twx-studio:upgrade:Metadata202] Upgrading project
[2021-01-07T16:03:53.832Z] debug: [twx-studio:upgrade:Metadata202] Make sure there are not any stale files lying around
[2021-01-07T16:03:53.832Z] debug: [twx-studio:upgrade:Metadata202] Removing 
[2021-01-07T16:03:53.848Z] debug: [twx-studio:upgrade:Metadata202] Create .gitignore for project dir
[2021-01-07T16:03:53.856Z] debug: [twx-studio:upgrade:Metadata202] Copying /src/**/* to project, overwrite=false
[2021-01-07T16:03:53.862Z] debug: [twx-studio:upgrade:Metadata202] Copying /**/* to project, skip /src/**/*,  overwrite=true
[2021-01-07T16:03:53.915Z] debug: [twx-studio:upgrade:Metadata202] Copy of project files complete
[2021-01-07T16:03:53.915Z] debug: [twx-studio:upgrade:Metadata202] Updating version to 
[2021-01-07T16:03:53.915Z] debug: [twx-studio:upgrade:Metadata202] onupgrade sucessful, now build the project
[2021-01-07T16:03:53.916Z] debug: [twx-studio:upgrade:Metadata202] BEGIN buildApp
[2021-01-07T16:03:53.916Z] debug: [twx-studio:upgrade:Metadata202] write settings
[2021-01-07T16:03:53.916Z] debug: [twx-studio:upgrade:Metadata202] copy runtime extensions
[2021-01-07T16:03:54.016Z] debug: [twx-studio:upgrade:Metadata202] packageThemeSet
[2021-01-07T16:03:54.591Z] debug: [twx-studio:upgrade:Metadata202] onBuild
[2021-01-07T16:03:54.591Z] info: [twx-studio:upgrade:Metadata202] Building ves-ar-extension app:
[2021-01-07T16:03:54.605Z] debug: [twx-studio:upgrade:Metadata202] pathDir
[2021-01-07T16:03:54.605Z] debug: [twx-studio:upgrade:Metadata202] scaffoldDir
[2021-01-07T16:03:54.605Z] debug: [twx-studio:upgrade:Metadata202] copySrc
[2021-01-07T16:03:54.696Z] debug: [twx-studio:upgrade:Metadata202] buildApp
[2021-01-07T16:03:54.811Z] debug: [twx-studio:upgrade:Metadata202] END buildApp
[2021-01-07T16:03:54.811Z] debug: [twx-studio:upgrade:Metadata202] Build succeeded.
[2021-01-14T17:54:39.902Z] debug: [twx-studio:upgrade:Metadata202] Begin upgrade of project
[2021-01-14T17:54:39.903Z] info: [twx-studio:upgrade:Metadata202] Upgrading project
[2021-01-14T17:54:39.905Z] debug: [twx-studio:upgrade:Metadata202] Make sure there are not any stale files lying around
[2021-01-14T17:54:39.905Z] debug: [twx-studio:upgrade:Metadata202] Removing 
[2021-01-14T17:54:39.910Z] debug: [twx-studio:upgrade:Metadata202] Removing 
[2021-01-14T17:54:39.988Z] debug: [twx-studio:upgrade:Metadata202] Removing 
[2021-01-14T17:54:40.011Z] debug: [twx-studio:upgrade:Metadata202] Removing 
[2021-01-14T17:54:40.021Z] debug: [twx-studio:upgrade:Metadata202] Removing 
[2021-01-14T17:54:40.024Z] debug: [twx-studio:upgrade:Metadata202] Copying /src/**/* to project, overwrite=false
[2021-01-14T17:54:40.025Z] debug: [twx-studio:upgrade:Metadata202] Copying /**/* to project, skip /src/**/*,  overwrite=true
[2021-01-14T17:54:40.070Z] debug: [twx-studio:upgrade:Metadata202] Copy of project files complete
[2021-01-14T17:54:40.070Z] debug: [twx-studio:upgrade:Metadata202] Updating version to 
[2021-01-14T17:54:40.070Z] debug: [twx-studio:upgrade:Metadata202] onupgrade sucessful, now build the project
[2021-01-14T17:54:40.070Z] debug: [twx-studio:upgrade:Metadata202] BEGIN buildApp
[2021-01-14T17:54:40.070Z] debug: [twx-studio:upgrade:Metadata202] write settings
[2021-01-14T17:54:40.071Z] debug: [twx-studio:upgrade:Metadata202] copy runtime extensions
[2021-01-14T17:54:40.215Z] debug: [twx-studio:upgrade:Metadata202] packageThemeSet
[2021-01-14T17:54:40.832Z] debug: [twx-studio:upgrade:Metadata202] onBuild
[2021-01-14T17:54:40.832Z] info: [twx-studio:upgrade:Metadata202] Building ves-ar-extension app:
[2021-01-14T17:54:40.848Z] debug: [twx-studio:upgrade:Metadata202] pathDir
[2021-01-14T17:54:40.848Z] debug: [twx-studio:upgrade:Metadata202] scaffoldDir
[2021-01-14T17:54:40.848Z] debug: [twx-studio:upgrade:Metadata202] copySrc
[2021-01-14T17:54:40.939Z] debug: [twx-studio:upgrade:Metadata202] buildApp
[2021-01-14T17:54:41.101Z] debug: [twx-studio:upgrade:Metadata202] END buildApp
[2021-01-14T17:54:41.101Z] debug: [twx-studio:upgrade:Metadata202] Build succeeded.
