[2020-11-04T19:39:43.294Z] debug: [twx-studio:upgrade:Metadata102] Begin upgrade of project
[2020-11-04T19:39:43.295Z] info: [twx-studio:upgrade:Metadata102] Upgrading project
[2020-11-04T19:39:43.318Z] debug: [twx-studio:upgrade:Metadata102] Make sure there are not any stale files lying around
[2020-11-04T19:39:43.320Z] debug: [twx-studio:upgrade:Metadata102] Create .gitignore for project dir
[2020-11-04T19:39:43.320Z] debug: [twx-studio:upgrade:Metadata102] Copying /src/**/* to project, overwrite=false
[2020-11-04T19:39:43.321Z] debug: [twx-studio:upgrade:Metadata102] Copying /**/* to project, skip /src/**/*,  overwrite=true
[2020-11-04T19:39:43.371Z] debug: [twx-studio:upgrade:Metadata102] Copy of project files complete
[2020-11-04T19:39:43.371Z] debug: [twx-studio:upgrade:Metadata102] Updating version to 
[2020-11-04T19:39:43.371Z] debug: [twx-studio:upgrade:Metadata102] onupgrade sucessful, now build the project
[2020-11-04T19:39:43.371Z] debug: [twx-studio:upgrade:Metadata102] BEGIN buildApp
[2020-11-04T19:39:43.371Z] debug: [twx-studio:upgrade:Metadata102] write settings
[2020-11-04T19:39:43.372Z] debug: [twx-studio:upgrade:Metadata102] copy runtime extensions
[2020-11-04T19:39:43.491Z] debug: [twx-studio:upgrade:Metadata102] packageThemeSet
[2020-11-04T19:39:44.126Z] debug: [twx-studio:upgrade:Metadata102] onBuild
[2020-11-04T19:39:44.126Z] info: [twx-studio:upgrade:Metadata102] Building ves-ar-extension app:
[2020-11-04T19:39:44.213Z] debug: [twx-studio:upgrade:Metadata102] pathDir
[2020-11-04T19:39:44.213Z] debug: [twx-studio:upgrade:Metadata102] scaffoldDir
[2020-11-04T19:39:44.213Z] debug: [twx-studio:upgrade:Metadata102] copySrc
[2020-11-04T19:39:44.324Z] debug: [twx-studio:upgrade:Metadata102] buildApp
[2020-11-04T19:39:44.437Z] debug: [twx-studio:upgrade:Metadata102] END buildApp
[2020-11-04T19:39:44.437Z] debug: [twx-studio:upgrade:Metadata102] Build succeeded.
[2020-11-05T19:47:31.438Z] debug: [twx-studio:upgrade:Metadata102] Begin upgrade of project
[2020-11-05T19:47:31.438Z] info: [twx-studio:upgrade:Metadata102] Upgrading project
[2020-11-05T19:47:31.439Z] debug: [twx-studio:upgrade:Metadata102] Make sure there are not any stale files lying around
[2020-11-05T19:47:31.439Z] debug: [twx-studio:upgrade:Metadata102] Removing 
[2020-11-05T19:47:31.442Z] debug: [twx-studio:upgrade:Metadata102] Removing 
[2020-11-05T19:47:31.511Z] debug: [twx-studio:upgrade:Metadata102] Removing 
[2020-11-05T19:47:31.530Z] debug: [twx-studio:upgrade:Metadata102] Removing 
[2020-11-05T19:47:31.542Z] debug: [twx-studio:upgrade:Metadata102] Removing 
[2020-11-05T19:47:31.544Z] debug: [twx-studio:upgrade:Metadata102] Copying /src/**/* to project, overwrite=false
[2020-11-05T19:47:31.545Z] debug: [twx-studio:upgrade:Metadata102] Copying /**/* to project, skip /src/**/*,  overwrite=true
[2020-11-05T19:47:31.637Z] debug: [twx-studio:upgrade:Metadata102] Copy of project files complete
[2020-11-05T19:47:31.637Z] debug: [twx-studio:upgrade:Metadata102] Updating version to 
[2020-11-05T19:47:31.637Z] debug: [twx-studio:upgrade:Metadata102] onupgrade sucessful, now build the project
[2020-11-05T19:47:31.637Z] debug: [twx-studio:upgrade:Metadata102] BEGIN buildApp
[2020-11-05T19:47:31.637Z] debug: [twx-studio:upgrade:Metadata102] write settings
[2020-11-05T19:47:31.638Z] debug: [twx-studio:upgrade:Metadata102] copy runtime extensions
[2020-11-05T19:47:31.766Z] debug: [twx-studio:upgrade:Metadata102] packageThemeSet
[2020-11-05T19:47:32.410Z] debug: [twx-studio:upgrade:Metadata102] onBuild
[2020-11-05T19:47:32.411Z] info: [twx-studio:upgrade:Metadata102] Building ves-ar-extension app:
[2020-11-05T19:47:32.419Z] debug: [twx-studio:upgrade:Metadata102] pathDir
[2020-11-05T19:47:32.419Z] debug: [twx-studio:upgrade:Metadata102] scaffoldDir
[2020-11-05T19:47:32.419Z] debug: [twx-studio:upgrade:Metadata102] copySrc
[2020-11-05T19:47:32.519Z] debug: [twx-studio:upgrade:Metadata102] buildApp
[2020-11-05T19:47:32.638Z] debug: [twx-studio:upgrade:Metadata102] END buildApp
[2020-11-05T19:47:32.638Z] debug: [twx-studio:upgrade:Metadata102] Build succeeded.

2020-12-02T21:49:08.803Z: Project "Metadata102" saved as new project "Metadata102-popup"[2020-12-02T21:49:10.363Z] debug: [twx-studio:upgrade:Metadata102-popup] Begin upgrade of project
[2020-12-02T21:49:10.364Z] info: [twx-studio:upgrade:Metadata102-popup] Upgrading project
[2020-12-02T21:49:10.396Z] debug: [twx-studio:upgrade:Metadata102-popup] Make sure there are not any stale files lying around
[2020-12-02T21:49:10.397Z] debug: [twx-studio:upgrade:Metadata102-popup] Removing 
[2020-12-02T21:49:10.409Z] debug: [twx-studio:upgrade:Metadata102-popup] Create .gitignore for project dir
[2020-12-02T21:49:10.410Z] debug: [twx-studio:upgrade:Metadata102-popup] Copying /src/**/* to project, overwrite=false
[2020-12-02T21:49:10.411Z] debug: [twx-studio:upgrade:Metadata102-popup] Copying /**/* to project, skip /src/**/*,  overwrite=true
[2020-12-02T21:49:10.448Z] debug: [twx-studio:upgrade:Metadata102-popup] Copy of project files complete
[2020-12-02T21:49:10.448Z] debug: [twx-studio:upgrade:Metadata102-popup] Updating version to 
[2020-12-02T21:49:10.448Z] debug: [twx-studio:upgrade:Metadata102-popup] onupgrade sucessful, now build the project
[2020-12-02T21:49:10.448Z] debug: [twx-studio:upgrade:Metadata102-popup] BEGIN buildApp
[2020-12-02T21:49:10.448Z] debug: [twx-studio:upgrade:Metadata102-popup] write settings
[2020-12-02T21:49:10.449Z] debug: [twx-studio:upgrade:Metadata102-popup] copy runtime extensions
[2020-12-02T21:49:10.556Z] debug: [twx-studio:upgrade:Metadata102-popup] packageThemeSet
[2020-12-02T21:49:11.170Z] debug: [twx-studio:upgrade:Metadata102-popup] onBuild
[2020-12-02T21:49:11.170Z] info: [twx-studio:upgrade:Metadata102-popup] Building ves-ar-extension app:
[2020-12-02T21:49:11.184Z] debug: [twx-studio:upgrade:Metadata102-popup] pathDir
[2020-12-02T21:49:11.185Z] debug: [twx-studio:upgrade:Metadata102-popup] scaffoldDir
[2020-12-02T21:49:11.185Z] debug: [twx-studio:upgrade:Metadata102-popup] copySrc
[2020-12-02T21:49:11.291Z] debug: [twx-studio:upgrade:Metadata102-popup] buildApp
[2020-12-02T21:49:11.432Z] debug: [twx-studio:upgrade:Metadata102-popup] END buildApp
[2020-12-02T21:49:11.433Z] debug: [twx-studio:upgrade:Metadata102-popup] Build succeeded.

2020-12-03T16:21:39.376Z: Project "Metadata102-popup" saved as new project "Metadata200"
2020-12-03T16:32:32.320Z: Project "Metadata200" saved as new project "Metadata_300"[2020-12-03T16:36:11.562Z] debug: [twx-studio:upgrade:Metadata_300] Begin upgrade of project
[2020-12-03T16:36:11.563Z] info: [twx-studio:upgrade:Metadata_300] Upgrading project
[2020-12-03T16:36:11.568Z] debug: [twx-studio:upgrade:Metadata_300] Make sure there are not any stale files lying around
[2020-12-03T16:36:11.568Z] debug: [twx-studio:upgrade:Metadata_300] Removing 
[2020-12-03T16:36:11.586Z] debug: [twx-studio:upgrade:Metadata_300] Create .gitignore for project dir
[2020-12-03T16:36:11.587Z] debug: [twx-studio:upgrade:Metadata_300] Copying /src/**/* to project, overwrite=false
[2020-12-03T16:36:11.591Z] debug: [twx-studio:upgrade:Metadata_300] Copying /**/* to project, skip /src/**/*,  overwrite=true
[2020-12-03T16:36:11.637Z] debug: [twx-studio:upgrade:Metadata_300] Copy of project files complete
[2020-12-03T16:36:11.637Z] debug: [twx-studio:upgrade:Metadata_300] Updating version to 
[2020-12-03T16:36:11.637Z] debug: [twx-studio:upgrade:Metadata_300] onupgrade sucessful, now build the project
[2020-12-03T16:36:11.638Z] debug: [twx-studio:upgrade:Metadata_300] BEGIN buildApp
[2020-12-03T16:36:11.638Z] debug: [twx-studio:upgrade:Metadata_300] write settings
[2020-12-03T16:36:11.638Z] debug: [twx-studio:upgrade:Metadata_300] copy runtime extensions
[2020-12-03T16:36:11.759Z] debug: [twx-studio:upgrade:Metadata_300] packageThemeSet
[2020-12-03T16:36:12.926Z] debug: [twx-studio:upgrade:Metadata_300] onBuild
[2020-12-03T16:36:12.926Z] info: [twx-studio:upgrade:Metadata_300] Building ves-ar-extension app:
[2020-12-03T16:36:12.940Z] debug: [twx-studio:upgrade:Metadata_300] pathDir
[2020-12-03T16:36:12.941Z] debug: [twx-studio:upgrade:Metadata_300] scaffoldDir
[2020-12-03T16:36:12.941Z] debug: [twx-studio:upgrade:Metadata_300] copySrc
[2020-12-03T16:36:13.054Z] debug: [twx-studio:upgrade:Metadata_300] buildApp
[2020-12-03T16:36:13.645Z] debug: [twx-studio:upgrade:Metadata_300] END buildApp
[2020-12-03T16:36:13.645Z] debug: [twx-studio:upgrade:Metadata_300] Build succeeded.
[2020-12-07T19:49:00.489Z] debug: [twx-studio:upgrade:Metadata_300] Begin upgrade of project
[2020-12-07T19:49:00.491Z] info: [twx-studio:upgrade:Metadata_300] Upgrading project
[2020-12-07T19:49:00.494Z] debug: [twx-studio:upgrade:Metadata_300] Make sure there are not any stale files lying around
[2020-12-07T19:49:00.495Z] debug: [twx-studio:upgrade:Metadata_300] Removing 
[2020-12-07T19:49:00.512Z] debug: [twx-studio:upgrade:Metadata_300] Removing 
[2020-12-07T19:49:00.651Z] debug: [twx-studio:upgrade:Metadata_300] Removing 
[2020-12-07T19:49:00.692Z] debug: [twx-studio:upgrade:Metadata_300] Removing 
[2020-12-07T19:49:00.708Z] debug: [twx-studio:upgrade:Metadata_300] Removing 
[2020-12-07T19:49:00.713Z] debug: [twx-studio:upgrade:Metadata_300] Copying /src/**/* to project, overwrite=false
[2020-12-07T19:49:00.714Z] debug: [twx-studio:upgrade:Metadata_300] Copying /**/* to project, skip /src/**/*,  overwrite=true
[2020-12-07T19:49:00.745Z] debug: [twx-studio:upgrade:Metadata_300] Copy of project files complete
[2020-12-07T19:49:00.746Z] debug: [twx-studio:upgrade:Metadata_300] Updating version to 
[2020-12-07T19:49:00.746Z] debug: [twx-studio:upgrade:Metadata_300] onupgrade sucessful, now build the project
[2020-12-07T19:49:00.746Z] debug: [twx-studio:upgrade:Metadata_300] BEGIN buildApp
[2020-12-07T19:49:00.746Z] debug: [twx-studio:upgrade:Metadata_300] write settings
[2020-12-07T19:49:00.746Z] debug: [twx-studio:upgrade:Metadata_300] copy runtime extensions
[2020-12-07T19:49:00.844Z] debug: [twx-studio:upgrade:Metadata_300] packageThemeSet
[2020-12-07T19:49:01.438Z] debug: [twx-studio:upgrade:Metadata_300] onBuild
[2020-12-07T19:49:01.438Z] info: [twx-studio:upgrade:Metadata_300] Building ves-ar-extension app:
[2020-12-07T19:49:01.450Z] debug: [twx-studio:upgrade:Metadata_300] pathDir
[2020-12-07T19:49:01.450Z] debug: [twx-studio:upgrade:Metadata_300] scaffoldDir
[2020-12-07T19:49:01.450Z] debug: [twx-studio:upgrade:Metadata_300] copySrc
[2020-12-07T19:49:01.537Z] debug: [twx-studio:upgrade:Metadata_300] buildApp
[2020-12-07T19:49:01.684Z] debug: [twx-studio:upgrade:Metadata_300] END buildApp
[2020-12-07T19:49:01.684Z] debug: [twx-studio:upgrade:Metadata_300] Build succeeded.

2020-12-14T14:39:02.598Z: Project "Metadata_300" saved as new project "Metadata_300-pufunc"[2020-12-14T14:39:06.449Z] debug: [twx-studio:upgrade:Metadata_300-pufunc] Begin upgrade of project
[2020-12-14T14:39:06.450Z] info: [twx-studio:upgrade:Metadata_300-pufunc] Upgrading project
[2020-12-14T14:39:06.453Z] debug: [twx-studio:upgrade:Metadata_300-pufunc] Make sure there are not any stale files lying around
[2020-12-14T14:39:06.454Z] debug: [twx-studio:upgrade:Metadata_300-pufunc] Removing 
[2020-12-14T14:39:06.463Z] debug: [twx-studio:upgrade:Metadata_300-pufunc] Create .gitignore for project dir
[2020-12-14T14:39:06.471Z] debug: [twx-studio:upgrade:Metadata_300-pufunc] Copying /src/**/* to project, overwrite=false
[2020-12-14T14:39:06.478Z] debug: [twx-studio:upgrade:Metadata_300-pufunc] Copying /**/* to project, skip /src/**/*,  overwrite=true
[2020-12-14T14:39:06.525Z] debug: [twx-studio:upgrade:Metadata_300-pufunc] Copy of project files complete
[2020-12-14T14:39:06.525Z] debug: [twx-studio:upgrade:Metadata_300-pufunc] Updating version to 
[2020-12-14T14:39:06.525Z] debug: [twx-studio:upgrade:Metadata_300-pufunc] onupgrade sucessful, now build the project
[2020-12-14T14:39:06.525Z] debug: [twx-studio:upgrade:Metadata_300-pufunc] BEGIN buildApp
[2020-12-14T14:39:06.525Z] debug: [twx-studio:upgrade:Metadata_300-pufunc] write settings
[2020-12-14T14:39:06.526Z] debug: [twx-studio:upgrade:Metadata_300-pufunc] copy runtime extensions
[2020-12-14T14:39:06.632Z] debug: [twx-studio:upgrade:Metadata_300-pufunc] packageThemeSet
[2020-12-14T14:39:07.223Z] debug: [twx-studio:upgrade:Metadata_300-pufunc] onBuild
[2020-12-14T14:39:07.223Z] info: [twx-studio:upgrade:Metadata_300-pufunc] Building ves-ar-extension app:
[2020-12-14T14:39:07.237Z] debug: [twx-studio:upgrade:Metadata_300-pufunc] pathDir
[2020-12-14T14:39:07.237Z] debug: [twx-studio:upgrade:Metadata_300-pufunc] scaffoldDir
[2020-12-14T14:39:07.237Z] debug: [twx-studio:upgrade:Metadata_300-pufunc] copySrc
[2020-12-14T14:39:07.337Z] debug: [twx-studio:upgrade:Metadata_300-pufunc] buildApp
[2020-12-14T14:39:07.504Z] debug: [twx-studio:upgrade:Metadata_300-pufunc] END buildApp
[2020-12-14T14:39:07.504Z] debug: [twx-studio:upgrade:Metadata_300-pufunc] Build succeeded.

2020-12-31T15:43:39.049Z: Project "Metadata_300-pufunc" saved as new project "Metadata_303"[2021-01-04T13:09:16.341Z] debug: [twx-studio:upgrade:Metadata_303] Begin upgrade of project
[2021-01-04T13:09:16.341Z] info: [twx-studio:upgrade:Metadata_303] Upgrading project
[2021-01-04T13:09:16.364Z] debug: [twx-studio:upgrade:Metadata_303] Make sure there are not any stale files lying around
[2021-01-04T13:09:16.364Z] debug: [twx-studio:upgrade:Metadata_303] Removing 
[2021-01-04T13:09:16.390Z] debug: [twx-studio:upgrade:Metadata_303] Create .gitignore for project dir
[2021-01-04T13:09:16.391Z] debug: [twx-studio:upgrade:Metadata_303] Copying /src/**/* to project, overwrite=false
[2021-01-04T13:09:16.392Z] debug: [twx-studio:upgrade:Metadata_303] Copying /**/* to project, skip /src/**/*,  overwrite=true
[2021-01-04T13:09:16.436Z] debug: [twx-studio:upgrade:Metadata_303] Copy of project files complete
[2021-01-04T13:09:16.436Z] debug: [twx-studio:upgrade:Metadata_303] Updating version to 
[2021-01-04T13:09:16.436Z] debug: [twx-studio:upgrade:Metadata_303] onupgrade sucessful, now build the project
[2021-01-04T13:09:16.436Z] debug: [twx-studio:upgrade:Metadata_303] BEGIN buildApp
[2021-01-04T13:09:16.437Z] debug: [twx-studio:upgrade:Metadata_303] write settings
[2021-01-04T13:09:16.437Z] debug: [twx-studio:upgrade:Metadata_303] copy runtime extensions
[2021-01-04T13:09:16.553Z] debug: [twx-studio:upgrade:Metadata_303] packageThemeSet
[2021-01-04T13:09:17.194Z] debug: [twx-studio:upgrade:Metadata_303] onBuild
[2021-01-04T13:09:17.195Z] info: [twx-studio:upgrade:Metadata_303] Building ves-ar-extension app:
[2021-01-04T13:09:17.282Z] debug: [twx-studio:upgrade:Metadata_303] pathDir
[2021-01-04T13:09:17.282Z] debug: [twx-studio:upgrade:Metadata_303] scaffoldDir
[2021-01-04T13:09:17.282Z] debug: [twx-studio:upgrade:Metadata_303] copySrc
[2021-01-04T13:09:17.386Z] debug: [twx-studio:upgrade:Metadata_303] buildApp
[2021-01-04T13:09:17.633Z] debug: [twx-studio:upgrade:Metadata_303] END buildApp
[2021-01-04T13:09:17.633Z] debug: [twx-studio:upgrade:Metadata_303] Build succeeded.
[2021-01-05T21:42:47.595Z] debug: [twx-studio:upgrade:Metadata_303] Begin upgrade of project
[2021-01-05T21:42:47.597Z] info: [twx-studio:upgrade:Metadata_303] Upgrading project
[2021-01-05T21:42:47.622Z] debug: [twx-studio:upgrade:Metadata_303] Make sure there are not any stale files lying around
[2021-01-05T21:42:47.622Z] debug: [twx-studio:upgrade:Metadata_303] Removing 
[2021-01-05T21:42:47.632Z] debug: [twx-studio:upgrade:Metadata_303] Create .gitignore for project dir
[2021-01-05T21:42:47.633Z] debug: [twx-studio:upgrade:Metadata_303] Copying /src/**/* to project, overwrite=false
[2021-01-05T21:42:47.640Z] debug: [twx-studio:upgrade:Metadata_303] Copying /**/* to project, skip /src/**/*,  overwrite=true
[2021-01-05T21:42:47.686Z] debug: [twx-studio:upgrade:Metadata_303] Copy of project files complete
[2021-01-05T21:42:47.686Z] debug: [twx-studio:upgrade:Metadata_303] Updating version to 
[2021-01-05T21:42:47.686Z] debug: [twx-studio:upgrade:Metadata_303] onupgrade sucessful, now build the project
[2021-01-05T21:42:47.686Z] debug: [twx-studio:upgrade:Metadata_303] BEGIN buildApp
[2021-01-05T21:42:47.686Z] debug: [twx-studio:upgrade:Metadata_303] write settings
[2021-01-05T21:42:47.687Z] debug: [twx-studio:upgrade:Metadata_303] copy runtime extensions
[2021-01-05T21:42:47.860Z] debug: [twx-studio:upgrade:Metadata_303] packageThemeSet
[2021-01-05T21:42:48.455Z] debug: [twx-studio:upgrade:Metadata_303] onBuild
[2021-01-05T21:42:48.455Z] info: [twx-studio:upgrade:Metadata_303] Building ves-ar-extension app:
[2021-01-05T21:42:48.468Z] debug: [twx-studio:upgrade:Metadata_303] pathDir
[2021-01-05T21:42:48.468Z] debug: [twx-studio:upgrade:Metadata_303] scaffoldDir
[2021-01-05T21:42:48.468Z] debug: [twx-studio:upgrade:Metadata_303] copySrc
[2021-01-05T21:42:48.573Z] debug: [twx-studio:upgrade:Metadata_303] buildApp
[2021-01-05T21:42:48.844Z] debug: [twx-studio:upgrade:Metadata_303] END buildApp
[2021-01-05T21:42:48.844Z] debug: [twx-studio:upgrade:Metadata_303] Build succeeded.
[2021-01-11T11:48:58.102Z] debug: [twx-studio:upgrade:Metadata_303] Begin upgrade of project
[2021-01-11T11:48:58.103Z] info: [twx-studio:upgrade:Metadata_303] Upgrading project
[2021-01-11T11:48:58.121Z] debug: [twx-studio:upgrade:Metadata_303] Make sure there are not any stale files lying around
[2021-01-11T11:48:58.121Z] debug: [twx-studio:upgrade:Metadata_303] Removing 
[2021-01-11T11:48:58.125Z] debug: [twx-studio:upgrade:Metadata_303] Removing 
[2021-01-11T11:48:58.214Z] debug: [twx-studio:upgrade:Metadata_303] Removing 
[2021-01-11T11:48:58.272Z] debug: [twx-studio:upgrade:Metadata_303] Removing 
[2021-01-11T11:48:58.289Z] debug: [twx-studio:upgrade:Metadata_303] Removing 
[2021-01-11T11:48:58.296Z] debug: [twx-studio:upgrade:Metadata_303] Copying /src/**/* to project, overwrite=false
[2021-01-11T11:48:58.299Z] debug: [twx-studio:upgrade:Metadata_303] Copying /**/* to project, skip /src/**/*,  overwrite=true
[2021-01-11T11:48:58.569Z] debug: [twx-studio:upgrade:Metadata_303] Copy of project files complete
[2021-01-11T11:48:58.569Z] debug: [twx-studio:upgrade:Metadata_303] Updating version to 
[2021-01-11T11:48:58.569Z] debug: [twx-studio:upgrade:Metadata_303] onupgrade sucessful, now build the project
[2021-01-11T11:48:58.569Z] debug: [twx-studio:upgrade:Metadata_303] BEGIN buildApp
[2021-01-11T11:48:58.569Z] debug: [twx-studio:upgrade:Metadata_303] write settings
[2021-01-11T11:48:58.570Z] debug: [twx-studio:upgrade:Metadata_303] copy runtime extensions
[2021-01-11T11:48:58.880Z] debug: [twx-studio:upgrade:Metadata_303] packageThemeSet
[2021-01-11T11:48:59.706Z] debug: [twx-studio:upgrade:Metadata_303] onBuild
[2021-01-11T11:48:59.706Z] info: [twx-studio:upgrade:Metadata_303] Building ves-ar-extension app:
[2021-01-11T11:48:59.786Z] debug: [twx-studio:upgrade:Metadata_303] pathDir
[2021-01-11T11:48:59.786Z] debug: [twx-studio:upgrade:Metadata_303] scaffoldDir
[2021-01-11T11:48:59.786Z] debug: [twx-studio:upgrade:Metadata_303] copySrc
[2021-01-11T11:49:00.033Z] debug: [twx-studio:upgrade:Metadata_303] buildApp
[2021-01-11T11:49:00.660Z] debug: [twx-studio:upgrade:Metadata_303] END buildApp
[2021-01-11T11:49:00.660Z] debug: [twx-studio:upgrade:Metadata_303] Build succeeded.
[2021-02-16T16:42:44.508Z] debug: [twx-studio:upgrade:Metadata_303] Begin upgrade of project
[2021-02-16T16:42:44.542Z] info: [twx-studio:upgrade:Metadata_303] Upgrading project
[2021-02-16T16:42:44.625Z] debug: [twx-studio:upgrade:Metadata_303] Make sure there are not any stale files lying around
[2021-02-16T16:42:44.625Z] debug: [twx-studio:upgrade:Metadata_303] Removing 
[2021-02-16T16:42:44.636Z] debug: [twx-studio:upgrade:Metadata_303] Removing 
[2021-02-16T16:42:44.798Z] debug: [twx-studio:upgrade:Metadata_303] Removing 
[2021-02-16T16:42:44.876Z] debug: [twx-studio:upgrade:Metadata_303] Removing 
[2021-02-16T16:42:44.901Z] debug: [twx-studio:upgrade:Metadata_303] Removing 
[2021-02-16T16:42:44.913Z] debug: [twx-studio:upgrade:Metadata_303] Copying /src/**/* to project, overwrite=false
[2021-02-16T16:42:44.960Z] debug: [twx-studio:upgrade:Metadata_303] Copying /**/* to project, skip /src/**/*,  overwrite=true
[2021-02-16T16:42:45.168Z] debug: [twx-studio:upgrade:Metadata_303] Copy of project files complete
[2021-02-16T16:42:45.169Z] debug: [twx-studio:upgrade:Metadata_303] Updating version to 
[2021-02-16T16:42:45.169Z] debug: [twx-studio:upgrade:Metadata_303] onupgrade sucessful, now build the project
[2021-02-16T16:42:45.169Z] debug: [twx-studio:upgrade:Metadata_303] BEGIN buildApp
[2021-02-16T16:42:45.170Z] debug: [twx-studio:upgrade:Metadata_303] write settings
[2021-02-16T16:42:45.170Z] debug: [twx-studio:upgrade:Metadata_303] copy runtime extensions
[2021-02-16T16:42:45.661Z] debug: [twx-studio:upgrade:Metadata_303] packageThemeSet
[2021-02-16T16:42:47.534Z] debug: [twx-studio:upgrade:Metadata_303] onBuild
[2021-02-16T16:42:47.534Z] info: [twx-studio:upgrade:Metadata_303] Building ves-ar-extension app:
[2021-02-16T16:42:47.707Z] debug: [twx-studio:upgrade:Metadata_303] pathDir
[2021-02-16T16:42:47.708Z] debug: [twx-studio:upgrade:Metadata_303] scaffoldDir
[2021-02-16T16:42:47.708Z] debug: [twx-studio:upgrade:Metadata_303] copySrc
[2021-02-16T16:42:47.928Z] debug: [twx-studio:upgrade:Metadata_303] buildApp
[2021-02-16T16:42:48.532Z] debug: [twx-studio:upgrade:Metadata_303] END buildApp
[2021-02-16T16:42:48.532Z] debug: [twx-studio:upgrade:Metadata_303] Build succeeded.
[2021-03-05T09:19:22.685Z] debug: [twx-studio:upgrade:Metadata_303] Begin upgrade of project
[2021-03-05T09:19:22.685Z] info: [twx-studio:upgrade:Metadata_303] Upgrading project
[2021-03-05T09:19:22.687Z] debug: [twx-studio:upgrade:Metadata_303] Make sure there are not any stale files lying around
[2021-03-05T09:19:22.688Z] debug: [twx-studio:upgrade:Metadata_303] Removing 
[2021-03-05T09:19:22.691Z] debug: [twx-studio:upgrade:Metadata_303] Removing 
[2021-03-05T09:19:22.706Z] debug: [twx-studio:upgrade:Metadata_303] Removing 
[2021-03-05T09:19:22.710Z] debug: [twx-studio:upgrade:Metadata_303] Copying /src/**/* to project, overwrite=false
[2021-03-05T09:19:22.711Z] debug: [twx-studio:upgrade:Metadata_303] Copying /**/* to project, skip /src/**/*,  overwrite=true
[2021-03-05T09:19:22.757Z] debug: [twx-studio:upgrade:Metadata_303] Copy of project files complete
[2021-03-05T09:19:22.758Z] debug: [twx-studio:upgrade:Metadata_303] Updating version to 
[2021-03-05T09:19:22.758Z] debug: [twx-studio:upgrade:Metadata_303] onupgrade sucessful, now build the project
[2021-03-05T09:19:22.758Z] debug: [twx-studio:upgrade:Metadata_303] BEGIN buildApp
[2021-03-05T09:19:22.758Z] debug: [twx-studio:upgrade:Metadata_303] write settings
[2021-03-05T09:19:22.759Z] debug: [twx-studio:upgrade:Metadata_303] copy runtime extensions
[2021-03-05T09:19:22.976Z] debug: [twx-studio:upgrade:Metadata_303] packageThemeSet
[2021-03-05T09:19:23.728Z] debug: [twx-studio:upgrade:Metadata_303] onBuild
[2021-03-05T09:19:23.728Z] info: [twx-studio:upgrade:Metadata_303] Building ves-ar-extension app:
[2021-03-05T09:19:23.745Z] debug: [twx-studio:upgrade:Metadata_303] pathDir
[2021-03-05T09:19:23.745Z] debug: [twx-studio:upgrade:Metadata_303] scaffoldDir
[2021-03-05T09:19:23.746Z] debug: [twx-studio:upgrade:Metadata_303] copySrc
[2021-03-05T09:19:23.857Z] debug: [twx-studio:upgrade:Metadata_303] buildApp
[2021-03-05T09:19:24.184Z] debug: [twx-studio:upgrade:Metadata_303] END buildApp
[2021-03-05T09:19:24.184Z] debug: [twx-studio:upgrade:Metadata_303] Build succeeded.
[2021-03-09T16:43:49.478Z] debug: [twx-studio:upgrade:Metadata_303] Begin upgrade of project
[2021-03-09T16:43:49.482Z] info: [twx-studio:upgrade:Metadata_303] Upgrading project
[2021-03-09T16:43:49.496Z] debug: [twx-studio:upgrade:Metadata_303] Make sure there are not any stale files lying around
[2021-03-09T16:43:49.496Z] debug: [twx-studio:upgrade:Metadata_303] Removing 
[2021-03-09T16:43:49.506Z] debug: [twx-studio:upgrade:Metadata_303] Removing 
[2021-03-09T16:43:49.839Z] debug: [twx-studio:upgrade:Metadata_303] Removing 
[2021-03-09T16:43:49.969Z] debug: [twx-studio:upgrade:Metadata_303] Removing 
[2021-03-09T16:43:49.995Z] debug: [twx-studio:upgrade:Metadata_303] Removing 
[2021-03-09T16:43:50.008Z] debug: [twx-studio:upgrade:Metadata_303] Copying /src/**/* to project, overwrite=false
[2021-03-09T16:43:50.034Z] debug: [twx-studio:upgrade:Metadata_303] Copying /**/* to project, skip /src/**/*,  overwrite=true
[2021-03-09T16:43:50.123Z] debug: [twx-studio:upgrade:Metadata_303] Copy of project files complete
[2021-03-09T16:43:50.123Z] debug: [twx-studio:upgrade:Metadata_303] Updating version to 
[2021-03-09T16:43:50.124Z] debug: [twx-studio:upgrade:Metadata_303] onupgrade sucessful, now build the project
[2021-03-09T16:43:50.124Z] debug: [twx-studio:upgrade:Metadata_303] BEGIN buildApp
[2021-03-09T16:43:50.124Z] debug: [twx-studio:upgrade:Metadata_303] write settings
[2021-03-09T16:43:50.125Z] debug: [twx-studio:upgrade:Metadata_303] copy runtime extensions
[2021-03-09T16:43:50.513Z] debug: [twx-studio:upgrade:Metadata_303] packageThemeSet
[2021-03-09T16:43:51.649Z] debug: [twx-studio:upgrade:Metadata_303] onBuild
[2021-03-09T16:43:51.649Z] info: [twx-studio:upgrade:Metadata_303] Building ves-ar-extension app:
[2021-03-09T16:43:51.688Z] debug: [twx-studio:upgrade:Metadata_303] pathDir
[2021-03-09T16:43:51.688Z] debug: [twx-studio:upgrade:Metadata_303] scaffoldDir
[2021-03-09T16:43:51.688Z] debug: [twx-studio:upgrade:Metadata_303] copySrc
[2021-03-09T16:43:51.876Z] debug: [twx-studio:upgrade:Metadata_303] buildApp
[2021-03-09T16:43:52.409Z] debug: [twx-studio:upgrade:Metadata_303] END buildApp
[2021-03-09T16:43:52.410Z] debug: [twx-studio:upgrade:Metadata_303] Build succeeded.
[2021-03-20T19:40:33.382Z] debug: [twx-studio:upgrade:Metadata_303] Begin upgrade of project
[2021-03-20T19:40:33.383Z] info: [twx-studio:upgrade:Metadata_303] Upgrading project
[2021-03-20T19:40:33.385Z] debug: [twx-studio:upgrade:Metadata_303] Make sure there are not any stale files lying around
[2021-03-20T19:40:33.386Z] debug: [twx-studio:upgrade:Metadata_303] Removing 
[2021-03-20T19:40:33.393Z] debug: [twx-studio:upgrade:Metadata_303] Removing 
[2021-03-20T19:40:33.581Z] debug: [twx-studio:upgrade:Metadata_303] Removing 
[2021-03-20T19:40:33.665Z] debug: [twx-studio:upgrade:Metadata_303] Removing 
[2021-03-20T19:40:33.685Z] debug: [twx-studio:upgrade:Metadata_303] Removing 
[2021-03-20T19:40:33.691Z] debug: [twx-studio:upgrade:Metadata_303] Copying /src/**/* to project, overwrite=false
[2021-03-20T19:40:33.697Z] debug: [twx-studio:upgrade:Metadata_303] Copying /**/* to project, skip /src/**/*,  overwrite=true
[2021-03-20T19:40:33.741Z] debug: [twx-studio:upgrade:Metadata_303] Copy of project files complete
[2021-03-20T19:40:33.741Z] debug: [twx-studio:upgrade:Metadata_303] Updating version to 
[2021-03-20T19:40:33.741Z] debug: [twx-studio:upgrade:Metadata_303] onupgrade sucessful, now build the project
[2021-03-20T19:40:33.741Z] debug: [twx-studio:upgrade:Metadata_303] BEGIN buildApp
[2021-03-20T19:40:33.741Z] debug: [twx-studio:upgrade:Metadata_303] write settings
[2021-03-20T19:40:33.742Z] debug: [twx-studio:upgrade:Metadata_303] copy runtime extensions
[2021-03-20T19:40:33.950Z] debug: [twx-studio:upgrade:Metadata_303] packageThemeSet
[2021-03-20T19:40:34.783Z] debug: [twx-studio:upgrade:Metadata_303] onBuild
[2021-03-20T19:40:34.783Z] info: [twx-studio:upgrade:Metadata_303] Building ves-ar-extension app:
[2021-03-20T19:40:34.802Z] debug: [twx-studio:upgrade:Metadata_303] pathDir
[2021-03-20T19:40:34.802Z] debug: [twx-studio:upgrade:Metadata_303] scaffoldDir
[2021-03-20T19:40:34.802Z] debug: [twx-studio:upgrade:Metadata_303] copySrc
[2021-03-20T19:40:34.921Z] debug: [twx-studio:upgrade:Metadata_303] buildApp
[2021-03-20T19:40:35.259Z] debug: [twx-studio:upgrade:Metadata_303] END buildApp
[2021-03-20T19:40:35.259Z] debug: [twx-studio:upgrade:Metadata_303] Build succeeded.
[2021-03-22T18:35:41.539Z] debug: [twx-studio:upgrade:Metadata_303] Begin upgrade of project
[2021-03-22T18:35:41.542Z] info: [twx-studio:upgrade:Metadata_303] Upgrading project
[2021-03-22T18:35:41.585Z] debug: [twx-studio:upgrade:Metadata_303] Make sure there are not any stale files lying around
[2021-03-22T18:35:41.586Z] debug: [twx-studio:upgrade:Metadata_303] Removing 
[2021-03-22T18:35:41.596Z] debug: [twx-studio:upgrade:Metadata_303] Removing 
[2021-03-22T18:35:41.774Z] debug: [twx-studio:upgrade:Metadata_303] Removing 
[2021-03-22T18:35:41.919Z] debug: [twx-studio:upgrade:Metadata_303] Removing 
[2021-03-22T18:35:41.935Z] debug: [twx-studio:upgrade:Metadata_303] Removing 
[2021-03-22T18:35:41.941Z] debug: [twx-studio:upgrade:Metadata_303] Copying /src/**/* to project, overwrite=false
[2021-03-22T18:35:41.957Z] debug: [twx-studio:upgrade:Metadata_303] Copying /**/* to project, skip /src/**/*,  overwrite=true
[2021-03-22T18:35:42.021Z] debug: [twx-studio:upgrade:Metadata_303] Copy of project files complete
[2021-03-22T18:35:42.022Z] debug: [twx-studio:upgrade:Metadata_303] Updating version to 
[2021-03-22T18:35:42.022Z] debug: [twx-studio:upgrade:Metadata_303] onupgrade sucessful, now build the project
[2021-03-22T18:35:42.022Z] debug: [twx-studio:upgrade:Metadata_303] BEGIN buildApp
[2021-03-22T18:35:42.022Z] debug: [twx-studio:upgrade:Metadata_303] write settings
[2021-03-22T18:35:42.023Z] debug: [twx-studio:upgrade:Metadata_303] copy runtime extensions
[2021-03-22T18:35:42.278Z] debug: [twx-studio:upgrade:Metadata_303] packageThemeSet
[2021-03-22T18:35:43.039Z] debug: [twx-studio:upgrade:Metadata_303] onBuild
[2021-03-22T18:35:43.039Z] info: [twx-studio:upgrade:Metadata_303] Building ves-ar-extension app:
[2021-03-22T18:35:43.153Z] debug: [twx-studio:upgrade:Metadata_303] pathDir
[2021-03-22T18:35:43.153Z] debug: [twx-studio:upgrade:Metadata_303] scaffoldDir
[2021-03-22T18:35:43.153Z] debug: [twx-studio:upgrade:Metadata_303] copySrc
[2021-03-22T18:35:43.274Z] debug: [twx-studio:upgrade:Metadata_303] buildApp
[2021-03-22T18:35:43.668Z] debug: [twx-studio:upgrade:Metadata_303] END buildApp
[2021-03-22T18:35:43.669Z] debug: [twx-studio:upgrade:Metadata_303] Build succeeded.

2021-04-06T21:08:18.131Z: Project "Metadata_303" saved as new project "Metadata_304"[2021-04-06T21:08:20.736Z] debug: [twx-studio:upgrade:Metadata_304] Begin upgrade of project
[2021-04-06T21:08:20.736Z] info: [twx-studio:upgrade:Metadata_304] Upgrading project
[2021-04-06T21:08:20.740Z] debug: [twx-studio:upgrade:Metadata_304] Make sure there are not any stale files lying around
[2021-04-06T21:08:20.740Z] debug: [twx-studio:upgrade:Metadata_304] Removing 
[2021-04-06T21:08:20.751Z] debug: [twx-studio:upgrade:Metadata_304] Create .gitignore for project dir
[2021-04-06T21:08:20.751Z] debug: [twx-studio:upgrade:Metadata_304] Copying /src/**/* to project, overwrite=false
[2021-04-06T21:08:20.758Z] debug: [twx-studio:upgrade:Metadata_304] Copying /**/* to project, skip /src/**/*,  overwrite=true
[2021-04-06T21:08:20.814Z] debug: [twx-studio:upgrade:Metadata_304] Copy of project files complete
[2021-04-06T21:08:20.814Z] debug: [twx-studio:upgrade:Metadata_304] Updating version to 
[2021-04-06T21:08:20.814Z] debug: [twx-studio:upgrade:Metadata_304] onupgrade sucessful, now build the project
[2021-04-06T21:08:20.814Z] debug: [twx-studio:upgrade:Metadata_304] BEGIN buildApp
[2021-04-06T21:08:20.814Z] debug: [twx-studio:upgrade:Metadata_304] write settings
[2021-04-06T21:08:20.815Z] debug: [twx-studio:upgrade:Metadata_304] copy runtime extensions
[2021-04-06T21:08:21.039Z] debug: [twx-studio:upgrade:Metadata_304] packageThemeSet
[2021-04-06T21:08:21.728Z] debug: [twx-studio:upgrade:Metadata_304] onBuild
[2021-04-06T21:08:21.728Z] info: [twx-studio:upgrade:Metadata_304] Building ves-ar-extension app:
[2021-04-06T21:08:21.747Z] debug: [twx-studio:upgrade:Metadata_304] pathDir
[2021-04-06T21:08:21.747Z] debug: [twx-studio:upgrade:Metadata_304] scaffoldDir
[2021-04-06T21:08:21.747Z] debug: [twx-studio:upgrade:Metadata_304] copySrc
[2021-04-06T21:08:21.889Z] debug: [twx-studio:upgrade:Metadata_304] buildApp
[2021-04-06T21:08:22.255Z] debug: [twx-studio:upgrade:Metadata_304] END buildApp
[2021-04-06T21:08:22.255Z] debug: [twx-studio:upgrade:Metadata_304] Build succeeded.
[2021-04-27T11:10:48.726Z] debug: [twx-studio:upgrade:Metadata_304] Begin upgrade of project
[2021-04-27T11:10:48.729Z] info: [twx-studio:upgrade:Metadata_304] Upgrading project
[2021-04-27T11:10:48.768Z] debug: [twx-studio:upgrade:Metadata_304] Make sure there are not any stale files lying around
[2021-04-27T11:10:48.768Z] debug: [twx-studio:upgrade:Metadata_304] Removing 
[2021-04-27T11:10:48.776Z] debug: [twx-studio:upgrade:Metadata_304] Removing 
[2021-04-27T11:10:48.946Z] debug: [twx-studio:upgrade:Metadata_304] Removing 
[2021-04-27T11:10:49.097Z] debug: [twx-studio:upgrade:Metadata_304] Removing 
[2021-04-27T11:10:49.115Z] debug: [twx-studio:upgrade:Metadata_304] Removing 
[2021-04-27T11:10:49.122Z] debug: [twx-studio:upgrade:Metadata_304] Copying /src/**/* to project, overwrite=false
[2021-04-27T11:10:49.130Z] debug: [twx-studio:upgrade:Metadata_304] Copying /**/* to project, skip /src/**/*,  overwrite=true
[2021-04-27T11:10:49.179Z] debug: [twx-studio:upgrade:Metadata_304] Copy of project files complete
[2021-04-27T11:10:49.180Z] debug: [twx-studio:upgrade:Metadata_304] Updating version to 
[2021-04-27T11:10:49.180Z] debug: [twx-studio:upgrade:Metadata_304] onupgrade sucessful, now build the project
[2021-04-27T11:10:49.180Z] debug: [twx-studio:upgrade:Metadata_304] BEGIN buildApp
[2021-04-27T11:10:49.180Z] debug: [twx-studio:upgrade:Metadata_304] write settings
[2021-04-27T11:10:49.180Z] debug: [twx-studio:upgrade:Metadata_304] copy runtime extensions
[2021-04-27T11:10:49.417Z] debug: [twx-studio:upgrade:Metadata_304] packageThemeSet
[2021-04-27T11:10:50.391Z] debug: [twx-studio:upgrade:Metadata_304] onBuild
[2021-04-27T11:10:50.391Z] info: [twx-studio:upgrade:Metadata_304] Building ves-ar-extension app:
[2021-04-27T11:10:50.413Z] debug: [twx-studio:upgrade:Metadata_304] pathDir
[2021-04-27T11:10:50.413Z] debug: [twx-studio:upgrade:Metadata_304] scaffoldDir
[2021-04-27T11:10:50.413Z] debug: [twx-studio:upgrade:Metadata_304] copySrc
[2021-04-27T11:10:50.513Z] debug: [twx-studio:upgrade:Metadata_304] buildApp
[2021-04-27T11:10:50.816Z] debug: [twx-studio:upgrade:Metadata_304] END buildApp
[2021-04-27T11:10:50.816Z] debug: [twx-studio:upgrade:Metadata_304] Build succeeded.
[2021-10-31T20:46:57.967Z] debug: [twx-studio:upgrade:Metadata_304] Begin upgrade of project
[2021-10-31T20:46:57.968Z] info: [twx-studio:upgrade:Metadata_304] Upgrading project
[2021-10-31T20:46:57.971Z] debug: [twx-studio:upgrade:Metadata_304] Make sure there are not any stale files lying around
[2021-10-31T20:46:57.971Z] debug: [twx-studio:upgrade:Metadata_304] Removing 
[2021-10-31T20:46:57.979Z] debug: [twx-studio:upgrade:Metadata_304] Removing 
[2021-10-31T20:46:57.995Z] debug: [twx-studio:upgrade:Metadata_304] Removing 
[2021-10-31T20:46:58.000Z] debug: [twx-studio:upgrade:Metadata_304] Copying /src/**/* to project, overwrite=false
[2021-10-31T20:46:58.009Z] debug: [twx-studio:upgrade:Metadata_304] Copying /**/* to project, skip /src/**/*,  overwrite=true
[2021-10-31T20:46:58.068Z] debug: [twx-studio:upgrade:Metadata_304] Copy of project files complete
[2021-10-31T20:46:58.068Z] debug: [twx-studio:upgrade:Metadata_304] Updating version to 
[2021-10-31T20:46:58.068Z] debug: [twx-studio:upgrade:Metadata_304] onupgrade sucessful, now build the project
[2021-10-31T20:46:58.069Z] debug: [twx-studio:upgrade:Metadata_304] BEGIN buildApp
[2021-10-31T20:46:58.069Z] debug: [twx-studio:upgrade:Metadata_304] write settings
[2021-10-31T20:46:58.069Z] debug: [twx-studio:upgrade:Metadata_304] copy runtime extensions
[2021-10-31T20:46:58.305Z] debug: [twx-studio:upgrade:Metadata_304] packageThemeSet
[2021-10-31T20:46:58.963Z] debug: [twx-studio:upgrade:Metadata_304] onBuild
[2021-10-31T20:46:58.964Z] info: [twx-studio:upgrade:Metadata_304] Building ves-ar-extension app:
[2021-10-31T20:46:58.983Z] debug: [twx-studio:upgrade:Metadata_304] pathDir
[2021-10-31T20:46:58.983Z] debug: [twx-studio:upgrade:Metadata_304] scaffoldDir
[2021-10-31T20:46:58.983Z] debug: [twx-studio:upgrade:Metadata_304] copySrc
[2021-10-31T20:46:59.110Z] debug: [twx-studio:upgrade:Metadata_304] buildApp
[2021-10-31T20:46:59.413Z] debug: [twx-studio:upgrade:Metadata_304] END buildApp
[2021-10-31T20:46:59.413Z] debug: [twx-studio:upgrade:Metadata_304] Build succeeded.
[2022-02-20T09:42:56.811Z] debug: [twx-studio:upgrade:Metadata_304] Begin upgrade of project
[2022-02-20T09:42:56.812Z] info: [twx-studio:upgrade:Metadata_304] Upgrading project
[2022-02-20T09:42:56.815Z] debug: [twx-studio:upgrade:Metadata_304] Make sure there are not any stale files lying around
[2022-02-20T09:42:56.815Z] debug: [twx-studio:upgrade:Metadata_304] Removing 
[2022-02-20T09:42:56.819Z] debug: [twx-studio:upgrade:Metadata_304] Removing 
[2022-02-20T09:42:56.830Z] debug: [twx-studio:upgrade:Metadata_304] Removing 
[2022-02-20T09:42:56.833Z] debug: [twx-studio:upgrade:Metadata_304] Copying /src/**/* to project, overwrite=false
[2022-02-20T09:42:56.835Z] debug: [twx-studio:upgrade:Metadata_304] Copying /**/* to project, skip /src/**/*,  overwrite=true
[2022-02-20T09:42:56.887Z] debug: [twx-studio:upgrade:Metadata_304] Copy of project files complete
[2022-02-20T09:42:56.887Z] debug: [twx-studio:upgrade:Metadata_304] Updating version to 
[2022-02-20T09:42:56.888Z] debug: [twx-studio:upgrade:Metadata_304] onupgrade sucessful, now build the project
[2022-02-20T09:42:56.888Z] debug: [twx-studio:upgrade:Metadata_304] BEGIN buildApp
[2022-02-20T09:42:56.888Z] debug: [twx-studio:upgrade:Metadata_304] write settings
[2022-02-20T09:42:56.888Z] debug: [twx-studio:upgrade:Metadata_304] copy runtime extensions
[2022-02-20T09:42:57.100Z] debug: [twx-studio:upgrade:Metadata_304] packageThemeSet
[2022-02-20T09:42:57.662Z] debug: [twx-studio:upgrade:Metadata_304] onBuild
[2022-02-20T09:42:57.662Z] info: [twx-studio:upgrade:Metadata_304] Building ves-ar-extension app:
[2022-02-20T09:42:57.678Z] debug: [twx-studio:upgrade:Metadata_304] pathDir
[2022-02-20T09:42:57.678Z] debug: [twx-studio:upgrade:Metadata_304] scaffoldDir
[2022-02-20T09:42:57.678Z] debug: [twx-studio:upgrade:Metadata_304] copySrc
[2022-02-20T09:42:57.771Z] debug: [twx-studio:upgrade:Metadata_304] buildApp
[2022-02-20T09:42:58.018Z] debug: [twx-studio:upgrade:Metadata_304] END buildApp
[2022-02-20T09:42:58.018Z] debug: [twx-studio:upgrade:Metadata_304] Build succeeded.
[2022-02-20T14:37:33.914Z] debug: [twx-studio:upgrade:Metadata_304] Begin upgrade of project
[2022-02-20T14:37:33.914Z] info: [twx-studio:upgrade:Metadata_304] Upgrading project
[2022-02-20T14:37:33.941Z] debug: [twx-studio:upgrade:Metadata_304] Make sure there are not any stale files lying around
[2022-02-20T14:37:33.941Z] debug: [twx-studio:upgrade:Metadata_304] Removing 
[2022-02-20T14:37:33.946Z] debug: [twx-studio:upgrade:Metadata_304] Removing 
[2022-02-20T14:37:33.961Z] debug: [twx-studio:upgrade:Metadata_304] Removing 
[2022-02-20T14:37:33.965Z] debug: [twx-studio:upgrade:Metadata_304] Copying /src/**/* to project, overwrite=false
[2022-02-20T14:37:33.966Z] debug: [twx-studio:upgrade:Metadata_304] Copying /**/* to project, skip /src/**/*,  overwrite=true
[2022-02-20T14:37:34.020Z] debug: [twx-studio:upgrade:Metadata_304] Copy of project files complete
[2022-02-20T14:37:34.020Z] debug: [twx-studio:upgrade:Metadata_304] Updating version to 
[2022-02-20T14:37:34.020Z] debug: [twx-studio:upgrade:Metadata_304] onupgrade sucessful, now build the project
[2022-02-20T14:37:34.020Z] debug: [twx-studio:upgrade:Metadata_304] BEGIN buildApp
[2022-02-20T14:37:34.020Z] debug: [twx-studio:upgrade:Metadata_304] write settings
[2022-02-20T14:37:34.021Z] debug: [twx-studio:upgrade:Metadata_304] copy runtime extensions
[2022-02-20T14:37:34.257Z] debug: [twx-studio:upgrade:Metadata_304] packageThemeSet
[2022-02-20T14:37:34.917Z] debug: [twx-studio:upgrade:Metadata_304] onBuild
[2022-02-20T14:37:34.917Z] info: [twx-studio:upgrade:Metadata_304] Building ves-ar-extension app:
[2022-02-20T14:37:35.020Z] debug: [twx-studio:upgrade:Metadata_304] pathDir
[2022-02-20T14:37:35.020Z] debug: [twx-studio:upgrade:Metadata_304] scaffoldDir
[2022-02-20T14:37:35.020Z] debug: [twx-studio:upgrade:Metadata_304] copySrc
[2022-02-20T14:37:35.116Z] debug: [twx-studio:upgrade:Metadata_304] buildApp
[2022-02-20T14:37:35.446Z] debug: [twx-studio:upgrade:Metadata_304] END buildApp
[2022-02-20T14:37:35.446Z] debug: [twx-studio:upgrade:Metadata_304] Build succeeded.

2022-02-20T19:23:43.068Z: Project "Metadata_304" saved as new project "3D-Guided_Service_Instructions_401"[2022-02-20T19:23:48.132Z] debug: [twx-studio:upgrade:3D-Guided_Service_Instructions_401] Begin upgrade of project
[2022-02-20T19:23:48.133Z] info: [twx-studio:upgrade:3D-Guided_Service_Instructions_401] Upgrading project
[2022-02-20T19:23:48.135Z] debug: [twx-studio:upgrade:3D-Guided_Service_Instructions_401] Make sure there are not any stale files lying around
[2022-02-20T19:23:48.135Z] debug: [twx-studio:upgrade:3D-Guided_Service_Instructions_401] Removing 
[2022-02-20T19:23:48.146Z] debug: [twx-studio:upgrade:3D-Guided_Service_Instructions_401] Create .gitignore for project dir
[2022-02-20T19:23:48.146Z] debug: [twx-studio:upgrade:3D-Guided_Service_Instructions_401] Copying /src/**/* to project, overwrite=false
[2022-02-20T19:23:48.156Z] debug: [twx-studio:upgrade:3D-Guided_Service_Instructions_401] Copying /**/* to project, skip /src/**/*,  overwrite=true
[2022-02-20T19:23:48.234Z] debug: [twx-studio:upgrade:3D-Guided_Service_Instructions_401] Copy of project files complete
[2022-02-20T19:23:48.234Z] debug: [twx-studio:upgrade:3D-Guided_Service_Instructions_401] Updating version to 
[2022-02-20T19:23:48.235Z] debug: [twx-studio:upgrade:3D-Guided_Service_Instructions_401] onupgrade sucessful, now build the project
[2022-02-20T19:23:48.235Z] debug: [twx-studio:upgrade:3D-Guided_Service_Instructions_401] BEGIN buildApp
[2022-02-20T19:23:48.235Z] debug: [twx-studio:upgrade:3D-Guided_Service_Instructions_401] write settings
[2022-02-20T19:23:48.235Z] debug: [twx-studio:upgrade:3D-Guided_Service_Instructions_401] copy runtime extensions
[2022-02-20T19:23:48.541Z] debug: [twx-studio:upgrade:3D-Guided_Service_Instructions_401] packageThemeSet
[2022-02-20T19:23:49.267Z] debug: [twx-studio:upgrade:3D-Guided_Service_Instructions_401] onBuild
[2022-02-20T19:23:49.268Z] info: [twx-studio:upgrade:3D-Guided_Service_Instructions_401] Building ves-ar-extension app:
[2022-02-20T19:23:49.289Z] debug: [twx-studio:upgrade:3D-Guided_Service_Instructions_401] pathDir
[2022-02-20T19:23:49.289Z] debug: [twx-studio:upgrade:3D-Guided_Service_Instructions_401] scaffoldDir
[2022-02-20T19:23:49.289Z] debug: [twx-studio:upgrade:3D-Guided_Service_Instructions_401] copySrc
[2022-02-20T19:23:49.405Z] debug: [twx-studio:upgrade:3D-Guided_Service_Instructions_401] buildApp
[2022-02-20T19:23:49.758Z] debug: [twx-studio:upgrade:3D-Guided_Service_Instructions_401] END buildApp
[2022-02-20T19:23:49.758Z] debug: [twx-studio:upgrade:3D-Guided_Service_Instructions_401] Build succeeded.
