[2020-11-04T19:39:43.294Z] debug: [twx-studio:upgrade:Metadata102] Begin upgrade of project
[2020-11-04T19:39:43.295Z] info: [twx-studio:upgrade:Metadata102] Upgrading project
[2020-11-04T19:39:43.318Z] debug: [twx-studio:upgrade:Metadata102] Make sure there are not any stale files lying around
[2020-11-04T19:39:43.320Z] debug: [twx-studio:upgrade:Metadata102] Create .gitignore for project dir
[2020-11-04T19:39:43.320Z] debug: [twx-studio:upgrade:Metadata102] Copying /src/**/* to project, overwrite=false
[2020-11-04T19:39:43.321Z] debug: [twx-studio:upgrade:Metadata102] Copying /**/* to project, skip /src/**/*,  overwrite=true
[2020-11-04T19:39:43.371Z] debug: [twx-studio:upgrade:Metadata102] Copy of project files complete
[2020-11-04T19:39:43.371Z] debug: [twx-studio:upgrade:Metadata102] Updating version to 
[2020-11-04T19:39:43.371Z] debug: [twx-studio:upgrade:Metadata102] onupgrade sucessful, now build the project
[2020-11-04T19:39:43.371Z] debug: [twx-studio:upgrade:Metadata102] BEGIN buildApp
[2020-11-04T19:39:43.371Z] debug: [twx-studio:upgrade:Metadata102] write settings
[2020-11-04T19:39:43.372Z] debug: [twx-studio:upgrade:Metadata102] copy runtime extensions
[2020-11-04T19:39:43.491Z] debug: [twx-studio:upgrade:Metadata102] packageThemeSet
[2020-11-04T19:39:44.126Z] debug: [twx-studio:upgrade:Metadata102] onBuild
[2020-11-04T19:39:44.126Z] info: [twx-studio:upgrade:Metadata102] Building ves-ar-extension app:
[2020-11-04T19:39:44.213Z] debug: [twx-studio:upgrade:Metadata102] pathDir
[2020-11-04T19:39:44.213Z] debug: [twx-studio:upgrade:Metadata102] scaffoldDir
[2020-11-04T19:39:44.213Z] debug: [twx-studio:upgrade:Metadata102] copySrc
[2020-11-04T19:39:44.324Z] debug: [twx-studio:upgrade:Metadata102] buildApp
[2020-11-04T19:39:44.437Z] debug: [twx-studio:upgrade:Metadata102] END buildApp
[2020-11-04T19:39:44.437Z] debug: [twx-studio:upgrade:Metadata102] Build succeeded.
[2020-11-05T19:47:31.438Z] debug: [twx-studio:upgrade:Metadata102] Begin upgrade of project
[2020-11-05T19:47:31.438Z] info: [twx-studio:upgrade:Metadata102] Upgrading project
[2020-11-05T19:47:31.439Z] debug: [twx-studio:upgrade:Metadata102] Make sure there are not any stale files lying around
[2020-11-05T19:47:31.439Z] debug: [twx-studio:upgrade:Metadata102] Removing 
[2020-11-05T19:47:31.442Z] debug: [twx-studio:upgrade:Metadata102] Removing 
[2020-11-05T19:47:31.511Z] debug: [twx-studio:upgrade:Metadata102] Removing 
[2020-11-05T19:47:31.530Z] debug: [twx-studio:upgrade:Metadata102] Removing 
[2020-11-05T19:47:31.542Z] debug: [twx-studio:upgrade:Metadata102] Removing 
[2020-11-05T19:47:31.544Z] debug: [twx-studio:upgrade:Metadata102] Copying /src/**/* to project, overwrite=false
[2020-11-05T19:47:31.545Z] debug: [twx-studio:upgrade:Metadata102] Copying /**/* to project, skip /src/**/*,  overwrite=true
[2020-11-05T19:47:31.637Z] debug: [twx-studio:upgrade:Metadata102] Copy of project files complete
[2020-11-05T19:47:31.637Z] debug: [twx-studio:upgrade:Metadata102] Updating version to 
[2020-11-05T19:47:31.637Z] debug: [twx-studio:upgrade:Metadata102] onupgrade sucessful, now build the project
[2020-11-05T19:47:31.637Z] debug: [twx-studio:upgrade:Metadata102] BEGIN buildApp
[2020-11-05T19:47:31.637Z] debug: [twx-studio:upgrade:Metadata102] write settings
[2020-11-05T19:47:31.638Z] debug: [twx-studio:upgrade:Metadata102] copy runtime extensions
[2020-11-05T19:47:31.766Z] debug: [twx-studio:upgrade:Metadata102] packageThemeSet
[2020-11-05T19:47:32.410Z] debug: [twx-studio:upgrade:Metadata102] onBuild
[2020-11-05T19:47:32.411Z] info: [twx-studio:upgrade:Metadata102] Building ves-ar-extension app:
[2020-11-05T19:47:32.419Z] debug: [twx-studio:upgrade:Metadata102] pathDir
[2020-11-05T19:47:32.419Z] debug: [twx-studio:upgrade:Metadata102] scaffoldDir
[2020-11-05T19:47:32.419Z] debug: [twx-studio:upgrade:Metadata102] copySrc
[2020-11-05T19:47:32.519Z] debug: [twx-studio:upgrade:Metadata102] buildApp
[2020-11-05T19:47:32.638Z] debug: [twx-studio:upgrade:Metadata102] END buildApp
[2020-11-05T19:47:32.638Z] debug: [twx-studio:upgrade:Metadata102] Build succeeded.

2020-12-02T21:49:08.803Z: Project "Metadata102" saved as new project "Metadata102-popup"[2020-12-02T21:49:10.363Z] debug: [twx-studio:upgrade:Metadata102-popup] Begin upgrade of project
[2020-12-02T21:49:10.364Z] info: [twx-studio:upgrade:Metadata102-popup] Upgrading project
[2020-12-02T21:49:10.396Z] debug: [twx-studio:upgrade:Metadata102-popup] Make sure there are not any stale files lying around
[2020-12-02T21:49:10.397Z] debug: [twx-studio:upgrade:Metadata102-popup] Removing 
[2020-12-02T21:49:10.409Z] debug: [twx-studio:upgrade:Metadata102-popup] Create .gitignore for project dir
[2020-12-02T21:49:10.410Z] debug: [twx-studio:upgrade:Metadata102-popup] Copying /src/**/* to project, overwrite=false
[2020-12-02T21:49:10.411Z] debug: [twx-studio:upgrade:Metadata102-popup] Copying /**/* to project, skip /src/**/*,  overwrite=true
[2020-12-02T21:49:10.448Z] debug: [twx-studio:upgrade:Metadata102-popup] Copy of project files complete
[2020-12-02T21:49:10.448Z] debug: [twx-studio:upgrade:Metadata102-popup] Updating version to 
[2020-12-02T21:49:10.448Z] debug: [twx-studio:upgrade:Metadata102-popup] onupgrade sucessful, now build the project
[2020-12-02T21:49:10.448Z] debug: [twx-studio:upgrade:Metadata102-popup] BEGIN buildApp
[2020-12-02T21:49:10.448Z] debug: [twx-studio:upgrade:Metadata102-popup] write settings
[2020-12-02T21:49:10.449Z] debug: [twx-studio:upgrade:Metadata102-popup] copy runtime extensions
[2020-12-02T21:49:10.556Z] debug: [twx-studio:upgrade:Metadata102-popup] packageThemeSet
[2020-12-02T21:49:11.170Z] debug: [twx-studio:upgrade:Metadata102-popup] onBuild
[2020-12-02T21:49:11.170Z] info: [twx-studio:upgrade:Metadata102-popup] Building ves-ar-extension app:
[2020-12-02T21:49:11.184Z] debug: [twx-studio:upgrade:Metadata102-popup] pathDir
[2020-12-02T21:49:11.185Z] debug: [twx-studio:upgrade:Metadata102-popup] scaffoldDir
[2020-12-02T21:49:11.185Z] debug: [twx-studio:upgrade:Metadata102-popup] copySrc
[2020-12-02T21:49:11.291Z] debug: [twx-studio:upgrade:Metadata102-popup] buildApp
[2020-12-02T21:49:11.432Z] debug: [twx-studio:upgrade:Metadata102-popup] END buildApp
[2020-12-02T21:49:11.433Z] debug: [twx-studio:upgrade:Metadata102-popup] Build succeeded.
[2020-12-08T14:38:12.582Z] debug: [twx-studio:upgrade:Metadata102-popup] Begin upgrade of project
[2020-12-08T14:38:12.583Z] info: [twx-studio:upgrade:Metadata102-popup] Upgrading project
[2020-12-08T14:38:12.611Z] debug: [twx-studio:upgrade:Metadata102-popup] Make sure there are not any stale files lying around
[2020-12-08T14:38:12.612Z] debug: [twx-studio:upgrade:Metadata102-popup] Removing 
[2020-12-08T14:38:12.619Z] debug: [twx-studio:upgrade:Metadata102-popup] Removing 
[2020-12-08T14:38:12.769Z] debug: [twx-studio:upgrade:Metadata102-popup] Removing 
[2020-12-08T14:38:12.826Z] debug: [twx-studio:upgrade:Metadata102-popup] Removing 
[2020-12-08T14:38:12.845Z] debug: [twx-studio:upgrade:Metadata102-popup] Removing 
[2020-12-08T14:38:12.851Z] debug: [twx-studio:upgrade:Metadata102-popup] Copying /src/**/* to project, overwrite=false
[2020-12-08T14:38:12.853Z] debug: [twx-studio:upgrade:Metadata102-popup] Copying /**/* to project, skip /src/**/*,  overwrite=true
[2020-12-08T14:38:12.897Z] debug: [twx-studio:upgrade:Metadata102-popup] Copy of project files complete
[2020-12-08T14:38:12.897Z] debug: [twx-studio:upgrade:Metadata102-popup] Updating version to 
[2020-12-08T14:38:12.897Z] debug: [twx-studio:upgrade:Metadata102-popup] onupgrade sucessful, now build the project
[2020-12-08T14:38:12.898Z] debug: [twx-studio:upgrade:Metadata102-popup] BEGIN buildApp
[2020-12-08T14:38:12.898Z] debug: [twx-studio:upgrade:Metadata102-popup] write settings
[2020-12-08T14:38:12.898Z] debug: [twx-studio:upgrade:Metadata102-popup] copy runtime extensions
[2020-12-08T14:38:13.010Z] debug: [twx-studio:upgrade:Metadata102-popup] packageThemeSet
[2020-12-08T14:38:13.619Z] debug: [twx-studio:upgrade:Metadata102-popup] onBuild
[2020-12-08T14:38:13.619Z] info: [twx-studio:upgrade:Metadata102-popup] Building ves-ar-extension app:
[2020-12-08T14:38:13.634Z] debug: [twx-studio:upgrade:Metadata102-popup] pathDir
[2020-12-08T14:38:13.634Z] debug: [twx-studio:upgrade:Metadata102-popup] scaffoldDir
[2020-12-08T14:38:13.634Z] debug: [twx-studio:upgrade:Metadata102-popup] copySrc
[2020-12-08T14:38:13.732Z] debug: [twx-studio:upgrade:Metadata102-popup] buildApp
[2020-12-08T14:38:13.878Z] debug: [twx-studio:upgrade:Metadata102-popup] END buildApp
[2020-12-08T14:38:13.878Z] debug: [twx-studio:upgrade:Metadata102-popup] Build succeeded.

2020-12-14T12:44:41.619Z: Project "Metadata102-popup" saved as new project "Metadata201"[2020-12-14T12:44:43.317Z] debug: [twx-studio:upgrade:Metadata201] Begin upgrade of project
[2020-12-14T12:44:43.318Z] info: [twx-studio:upgrade:Metadata201] Upgrading project
[2020-12-14T12:44:43.344Z] debug: [twx-studio:upgrade:Metadata201] Make sure there are not any stale files lying around
[2020-12-14T12:44:43.344Z] debug: [twx-studio:upgrade:Metadata201] Removing 
[2020-12-14T12:44:43.355Z] debug: [twx-studio:upgrade:Metadata201] Create .gitignore for project dir
[2020-12-14T12:44:43.356Z] debug: [twx-studio:upgrade:Metadata201] Copying /src/**/* to project, overwrite=false
[2020-12-14T12:44:43.363Z] debug: [twx-studio:upgrade:Metadata201] Copying /**/* to project, skip /src/**/*,  overwrite=true
[2020-12-14T12:44:43.421Z] debug: [twx-studio:upgrade:Metadata201] Copy of project files complete
[2020-12-14T12:44:43.421Z] debug: [twx-studio:upgrade:Metadata201] Updating version to 
[2020-12-14T12:44:43.421Z] debug: [twx-studio:upgrade:Metadata201] onupgrade sucessful, now build the project
[2020-12-14T12:44:43.421Z] debug: [twx-studio:upgrade:Metadata201] BEGIN buildApp
[2020-12-14T12:44:43.421Z] debug: [twx-studio:upgrade:Metadata201] write settings
[2020-12-14T12:44:43.421Z] debug: [twx-studio:upgrade:Metadata201] copy runtime extensions
[2020-12-14T12:44:43.546Z] debug: [twx-studio:upgrade:Metadata201] packageThemeSet
[2020-12-14T12:44:44.189Z] debug: [twx-studio:upgrade:Metadata201] onBuild
[2020-12-14T12:44:44.189Z] info: [twx-studio:upgrade:Metadata201] Building ves-ar-extension app:
[2020-12-14T12:44:44.285Z] debug: [twx-studio:upgrade:Metadata201] pathDir
[2020-12-14T12:44:44.285Z] debug: [twx-studio:upgrade:Metadata201] scaffoldDir
[2020-12-14T12:44:44.285Z] debug: [twx-studio:upgrade:Metadata201] copySrc
[2020-12-14T12:44:44.384Z] debug: [twx-studio:upgrade:Metadata201] buildApp
[2020-12-14T12:44:44.597Z] debug: [twx-studio:upgrade:Metadata201] END buildApp
[2020-12-14T12:44:44.597Z] debug: [twx-studio:upgrade:Metadata201] Build succeeded.
[2021-01-12T13:14:36.525Z] debug: [twx-studio:upgrade:Metadata201] Begin upgrade of project
[2021-01-12T13:14:36.526Z] info: [twx-studio:upgrade:Metadata201] Upgrading project
[2021-01-12T13:14:36.551Z] debug: [twx-studio:upgrade:Metadata201] Make sure there are not any stale files lying around
[2021-01-12T13:14:36.551Z] debug: [twx-studio:upgrade:Metadata201] Removing 
[2021-01-12T13:14:36.558Z] debug: [twx-studio:upgrade:Metadata201] Removing 
[2021-01-12T13:14:36.691Z] debug: [twx-studio:upgrade:Metadata201] Removing 
[2021-01-12T13:14:36.739Z] debug: [twx-studio:upgrade:Metadata201] Removing 
[2021-01-12T13:14:36.759Z] debug: [twx-studio:upgrade:Metadata201] Removing 
[2021-01-12T13:14:36.765Z] debug: [twx-studio:upgrade:Metadata201] Copying /src/**/* to project, overwrite=false
[2021-01-12T13:14:36.773Z] debug: [twx-studio:upgrade:Metadata201] Copying /**/* to project, skip /src/**/*,  overwrite=true
[2021-01-12T13:14:36.824Z] debug: [twx-studio:upgrade:Metadata201] Copy of project files complete
[2021-01-12T13:14:36.824Z] debug: [twx-studio:upgrade:Metadata201] Updating version to 
[2021-01-12T13:14:36.824Z] debug: [twx-studio:upgrade:Metadata201] onupgrade sucessful, now build the project
[2021-01-12T13:14:36.825Z] debug: [twx-studio:upgrade:Metadata201] BEGIN buildApp
[2021-01-12T13:14:36.825Z] debug: [twx-studio:upgrade:Metadata201] write settings
[2021-01-12T13:14:36.825Z] debug: [twx-studio:upgrade:Metadata201] copy runtime extensions
[2021-01-12T13:14:36.959Z] debug: [twx-studio:upgrade:Metadata201] packageThemeSet
[2021-01-12T13:14:37.595Z] debug: [twx-studio:upgrade:Metadata201] onBuild
[2021-01-12T13:14:37.595Z] info: [twx-studio:upgrade:Metadata201] Building ves-ar-extension app:
[2021-01-12T13:14:37.697Z] debug: [twx-studio:upgrade:Metadata201] pathDir
[2021-01-12T13:14:37.697Z] debug: [twx-studio:upgrade:Metadata201] scaffoldDir
[2021-01-12T13:14:37.698Z] debug: [twx-studio:upgrade:Metadata201] copySrc
[2021-01-12T13:14:37.795Z] debug: [twx-studio:upgrade:Metadata201] buildApp
[2021-01-12T13:14:37.994Z] debug: [twx-studio:upgrade:Metadata201] END buildApp
[2021-01-12T13:14:37.995Z] debug: [twx-studio:upgrade:Metadata201] Build succeeded.
